  Engine.cpp
c:\users\eric bollar\documents\visual studio 2017\projects\ebollartextengine\ebollartextengine\engine.cpp(101): warning C4244: 'argument': conversion from 'DWORD' to 'WORD', possible loss of data
  Scene.cpp
c:\users\eric bollar\documents\visual studio 2017\projects\ebollartextengine\ebollartextengine\scene.cpp(97): warning C4244: '=': conversion from 'double' to 'int', possible loss of data
c:\users\eric bollar\documents\visual studio 2017\projects\ebollartextengine\ebollartextengine\scene.cpp(104): warning C4244: '=': conversion from 'double' to 'int', possible loss of data
c:\users\eric bollar\documents\visual studio 2017\projects\ebollartextengine\ebollartextengine\scene.cpp(111): warning C4267: 'initializing': conversion from 'size_t' to 'int', possible loss of data
c:\users\eric bollar\documents\visual studio 2017\projects\ebollartextengine\ebollartextengine\scene.cpp(125): warning C4267: 'initializing': conversion from 'size_t' to 'int', possible loss of data
c:\users\eric bollar\documents\visual studio 2017\projects\ebollartextengine\ebollartextengine\scene.cpp(226): warning C4267: '=': conversion from 'size_t' to 'int', possible loss of data
c:\users\eric bollar\documents\visual studio 2017\projects\ebollartextengine\ebollartextengine\scene.cpp(229): warning C4244: '=': conversion from 'double' to 'int', possible loss of data
c:\users\eric bollar\documents\visual studio 2017\projects\ebollartextengine\ebollartextengine\scene.cpp(232): warning C4267: 'argument': conversion from 'size_t' to 'int', possible loss of data
  Snake.cpp
c:\users\eric bollar\documents\visual studio 2017\projects\ebollartextengine\ebollartextengine\snake.cpp(39): warning C4267: 'initializing': conversion from 'size_t' to 'int', possible loss of data
  Sprite.cpp
  main.cpp
  Generating Code...
c:\users\eric bollar\documents\visual studio 2017\projects\ebollartextengine\ebollartextengine\scene.cpp(30): warning C4715: 'esb::Scene::FindSprite': not all control paths return a value
c:\users\eric bollar\documents\visual studio 2017\projects\ebollartextengine\ebollartextengine\scene.cpp(213): warning C4715: 'esb::Scene::CheckSpriteCollide': not all control paths return a value
c:\users\eric bollar\documents\visual studio 2017\projects\ebollartextengine\ebollartextengine\engine.cpp(54): warning C4715: 'esb::Engine::ONKEY': not all control paths return a value
c:\users\eric bollar\documents\visual studio 2017\projects\ebollartextengine\ebollartextengine\engine.cpp(128): warning C4715: 'esb::Engine::GETCOLOR': not all control paths return a value
  EBollarTextEngine.vcxproj -> C:\Users\Eric Bollar\documents\visual studio 2017\Projects\EBollarTextEngine\x64\Debug\EBollarTextEngine.exe
